<?xml version="1.0" encoding="UTF-8"?>
<!-- Generated by org.testng.reporters.JUnitXMLReporter -->
<testsuite ignored="0" hostname="DESKTOP-L7E7ROD" failures="0" tests="3" name="Test1" time="7.119" errors="0" timestamp="2023-07-20T17:40:55 IST">
  <testcase classname="testExecution.Example2Test" name="data1Test" time="2.647"/>
  <testcase classname="testExecution.Example2Test" name="data2Test" time="2.01"/>
  <testcase classname="testExecution.Example1Test" name="dataTest" time="2.012"/>
</testsuite> <!-- Test1 -->
